CRITICAL - 2024-05-13 22:38:35 --> Error: Class "App\Models\Cabeleireiro_model" not found
[Method: GET, Route: testeDatabase]
in APPPATH\Controllers\TesteDatabase.php on line 19.
 1 SYSTEMPATH\CodeIgniter.php(933): App\Controllers\TesteDatabase->index()
 2 SYSTEMPATH\CodeIgniter.php(509): CodeIgniter\CodeIgniter->runController(Object(App\Controllers\TesteDatabase))
 3 SYSTEMPATH\CodeIgniter.php(355): CodeIgniter\CodeIgniter->handleRequest(null, Object(Config\Cache), false)
 4 SYSTEMPATH\Boot.php(312): CodeIgniter\CodeIgniter->run()
 5 SYSTEMPATH\Boot.php(67): CodeIgniter\Boot::runCodeIgniter(Object(CodeIgniter\CodeIgniter))
 6 FCPATH\index.php(56): CodeIgniter\Boot::bootWeb(Object(Config\Paths))
CRITICAL - 2024-05-13 22:42:52 --> Error: Class "App\Models\Cabeleireiro_model" not found
[Method: GET, Route: testeDatabase]
in APPPATH\Controllers\TesteDatabase.php on line 19.
 1 SYSTEMPATH\CodeIgniter.php(933): App\Controllers\TesteDatabase->index()
 2 SYSTEMPATH\CodeIgniter.php(509): CodeIgniter\CodeIgniter->runController(Object(App\Controllers\TesteDatabase))
 3 SYSTEMPATH\CodeIgniter.php(355): CodeIgniter\CodeIgniter->handleRequest(null, Object(Config\Cache), false)
 4 SYSTEMPATH\Boot.php(312): CodeIgniter\CodeIgniter->run()
 5 SYSTEMPATH\Boot.php(67): CodeIgniter\Boot::runCodeIgniter(Object(CodeIgniter\CodeIgniter))
 6 FCPATH\index.php(56): CodeIgniter\Boot::bootWeb(Object(Config\Paths))
CRITICAL - 2024-05-13 22:42:54 --> Error: Class "App\Models\Cabeleireiro_model" not found
[Method: GET, Route: testeDatabase]
in APPPATH\Controllers\TesteDatabase.php on line 19.
 1 SYSTEMPATH\CodeIgniter.php(933): App\Controllers\TesteDatabase->index()
 2 SYSTEMPATH\CodeIgniter.php(509): CodeIgniter\CodeIgniter->runController(Object(App\Controllers\TesteDatabase))
 3 SYSTEMPATH\CodeIgniter.php(355): CodeIgniter\CodeIgniter->handleRequest(null, Object(Config\Cache), false)
 4 SYSTEMPATH\Boot.php(312): CodeIgniter\CodeIgniter->run()
 5 SYSTEMPATH\Boot.php(67): CodeIgniter\Boot::runCodeIgniter(Object(CodeIgniter\CodeIgniter))
 6 FCPATH\index.php(56): CodeIgniter\Boot::bootWeb(Object(Config\Paths))
CRITICAL - 2024-05-13 22:42:54 --> Error: Class "App\Models\Cabeleireiro_model" not found
[Method: GET, Route: testeDatabase]
in APPPATH\Controllers\TesteDatabase.php on line 19.
 1 SYSTEMPATH\CodeIgniter.php(933): App\Controllers\TesteDatabase->index()
 2 SYSTEMPATH\CodeIgniter.php(509): CodeIgniter\CodeIgniter->runController(Object(App\Controllers\TesteDatabase))
 3 SYSTEMPATH\CodeIgniter.php(355): CodeIgniter\CodeIgniter->handleRequest(null, Object(Config\Cache), false)
 4 SYSTEMPATH\Boot.php(312): CodeIgniter\CodeIgniter->run()
 5 SYSTEMPATH\Boot.php(67): CodeIgniter\Boot::runCodeIgniter(Object(CodeIgniter\CodeIgniter))
 6 FCPATH\index.php(56): CodeIgniter\Boot::bootWeb(Object(Config\Paths))
CRITICAL - 2024-05-13 22:43:43 --> Error: Class "App\Models\Cabeleireiro_model" not found
[Method: GET, Route: testeDatabase]
in APPPATH\Controllers\TesteDatabase.php on line 19.
 1 SYSTEMPATH\CodeIgniter.php(933): App\Controllers\TesteDatabase->index()
 2 SYSTEMPATH\CodeIgniter.php(509): CodeIgniter\CodeIgniter->runController(Object(App\Controllers\TesteDatabase))
 3 SYSTEMPATH\CodeIgniter.php(355): CodeIgniter\CodeIgniter->handleRequest(null, Object(Config\Cache), false)
 4 SYSTEMPATH\Boot.php(312): CodeIgniter\CodeIgniter->run()
 5 SYSTEMPATH\Boot.php(67): CodeIgniter\Boot::runCodeIgniter(Object(CodeIgniter\CodeIgniter))
 6 FCPATH\index.php(56): CodeIgniter\Boot::bootWeb(Object(Config\Paths))
